2024-05-05T07:51:45,019 [main] INFO  (UserTests.java:46) - ****USER POST REQUEST**
2024-05-05T07:51:47,878 [main] INFO  (UserTests.java:55) - ***Get request process**
2024-05-05T07:51:49,189 [main] INFO  (UserTests.java:66) - ***update request process**
2024-05-05T07:51:50,483 [main] INFO  (UserTests.java:77) - ***delete request process**
2024-05-05T08:21:45,568 [main] INFO  (UserTests2.java:47) - ****USER POST REQUEST**
2024-05-05T08:21:47,137 [main] INFO  (UserTests2.java:56) - ***Get request process**
2024-05-05T08:21:48,794 [main] INFO  (UserTests2.java:67) - ***update request process**
2024-05-05T08:21:48,816 [main] INFO  (UserTests2.java:78) - ***delete request process**
2024-05-05T08:24:17,906 [main] INFO  (UserTests2.java:47) - ****USER POST REQUEST**
2024-05-05T08:24:21,001 [main] INFO  (UserTests2.java:56) - ***Get request process**
2024-05-05T08:24:22,295 [main] INFO  (UserTests2.java:67) - ***update request process**
2024-05-05T08:24:23,571 [main] INFO  (UserTests2.java:78) - ***delete request process**
2024-05-05T08:28:44,457 [main] INFO  (UserTests2.java:47) - ****USER POST REQUEST**
2024-05-05T08:28:47,708 [main] INFO  (UserTests2.java:56) - ***Get request process**
2024-05-05T08:28:49,007 [main] INFO  (UserTests2.java:67) - ***update request process**
2024-05-05T08:28:50,277 [main] INFO  (UserTests2.java:78) - ***delete request process**
2024-05-05T08:55:11,684 [main] INFO  (UserTests2.java:47) - ****USER POST REQUEST**
2024-05-05T08:55:15,864 [main] INFO  (UserTests2.java:56) - ***Get request process**
2024-05-05T08:55:17,067 [main] INFO  (UserTests2.java:67) - ***update request process**
2024-05-05T08:55:18,445 [main] INFO  (UserTests2.java:78) - ***delete request process**
2024-05-05T08:56:38,859 [main] INFO  (UserTests2.java:47) - ****USER POST REQUEST**
2024-05-05T08:56:42,490 [main] INFO  (UserTests2.java:56) - ***Get request process**
2024-05-05T08:56:43,725 [main] INFO  (UserTests2.java:67) - ***update request process**
2024-05-05T08:56:45,174 [main] INFO  (UserTests2.java:78) - ***delete request process**
2024-05-05T09:12:57,137 [main] INFO  (UserTests2.java:47) - ****USER POST REQUEST**
2024-05-05T09:13:00,639 [main] INFO  (UserTests2.java:56) - ***Get request process**
2024-05-05T09:13:02,155 [main] INFO  (UserTests2.java:67) - ***update request process**
2024-05-05T09:13:03,618 [main] INFO  (UserTests2.java:78) - ***delete request process**
2024-05-05T09:13:22,688 [main] INFO  (UserTests2.java:47) - ****USER POST REQUEST**
2024-05-05T09:13:26,403 [main] INFO  (UserTests2.java:56) - ***Get request process**
2024-05-05T09:13:27,536 [main] INFO  (UserTests2.java:67) - ***update request process**
2024-05-05T09:13:29,159 [main] INFO  (UserTests2.java:78) - ***delete request process**
